<?xml version="1.0" encoding="UTF-8"?>
<testsuites name="jest tests" tests="2" failures="0" errors="0" time="1.47">
  <testsuite name="Testing the saveTip function" errors="0" failures="0" skipped="0" timestamp="2025-12-09T00:03:36" time="1.37" tests="2">
    <testcase classname="Testing the saveTip function should return success with a number entry for the tip" name="Testing the saveTip function should return success with a number entry for the tip" time="0.004">
    </testcase>
    <testcase classname="Testing the saveTip function should return 0 if no tip" name="Testing the saveTip function should return 0 if no tip" time="0.001">
    </testcase>
  </testsuite>
</testsuites>